Method 'SystemVoidCosmosSystemKernelStart', ID = '0'
Method 'SystemVoidCosmosIL2CPURuntimeEngineInitializeApplication', ID = '1'
Method 'SystemVoidCosmosIL2CPURuntimeEngineFinalizeApplicationSystemInt32', ID = '2'
Method 'SystemVoidCosmosIL2CPUVTablesImplSetMethodInfoSystemInt32SystemInt32SystemUInt32SystemUInt32', ID = '3'
Method 'SystemBooleanCosmosIL2CPUVTablesImplIsInstanceSystemUInt32SystemUInt32', ID = '4'
Method 'SystemVoidCosmosIL2CPUVTablesImplSetTypeInfoSystemInt32SystemUInt32SystemUInt32arraySystemUInt32arraySystemUInt32', ID = '5'
Method 'SystemUInt32CosmosIL2CPUVTablesImplGetMethodAddressForTypeSystemUInt32SystemUInt32', ID = '6'
Method 'SystemVoidCosmosIL2CPUExceptionHelperThrowNotImplementedSystemString', ID = '10'
Method 'SystemVoidCosmosIL2CPUExceptionHelperThrowOverflow', ID = '11'
Method 'SystemVoidSystemArrayctor', ID = '13'
Method 'SystemVoidSystemThrowHelperThrowInvalidOperationExceptionSystemExceptionResource', ID = '14'
Method 'SystemDelegatearraySystemMulticastDelegateGetInvocationList', ID = '15'
Method 'SystemVoidESOS_coreKernelctor', ID = '17'
Method 'SystemVoidCosmosDebugKernelDebuggerSendSystemString', ID = '22'
Method 'SystemVoidCosmosHALBootstrapInit', ID = '26'
Method 'CosmosHALTextScreenBaseCosmosSystemKernelGetTextScreen', ID = '27'
Method 'SystemVoidCosmosSystemGlobalInitCosmosHALTextScreenBase', ID = '28'
Method 'SystemVoidCosmosHALPS2Keyboardctor', ID = '29'
Method 'SystemVoidCosmosSystemKeyboardManagerAddKeyboardCosmosHALKeyboardBase', ID = '30'
Method 'SystemVoidCosmosSystemKernelBeforeRun', ID = '31'
Method 'SystemVoidCosmosHALGlobalEnableInterrupts', ID = '32'
Method 'SystemVoidCosmosSystemKernelAfterRun', ID = '34'
Method 'SystemVoidCosmosIL2CPURuntimeEngineInitializeEngine', ID = '38'
Method 'SystemVoidCosmosIL2CPURuntimeEngineHeap_Initialize', ID = '39'
Method 'SystemVoidCosmosIL2CPURuntimeEngineFinalizeEngine', ID = '41'
Method 'SystemVoidCosmosIL2CPURuntimeEngineExitProcessSystemInt32', ID = '42'
Method 'SystemVoidCosmosIL2CPUVTablesImplDebugAndHaltSystemString', ID = '47'
Method 'SystemVoidCosmosIL2CPUVTablesImplDebugSystemString', ID = '49'
Method 'SystemVoidCosmosIL2CPUVTablesImplDebugHexSystemStringSystemUInt32', ID = '50'
Method 'SystemVoidCosmosDebugKernelPlugsDebuggerSendKernelPanicSystemUInt32', ID = '55'
Method 'SystemVoidCosmosCorePlugsGCImplementionImplIncRefCountSystemUInt32', ID = '63'
Method 'SystemVoidCosmosCorePlugsGCImplementionImplDecRefCountSystemUInt32', ID = '64'
Method 'SystemUInt32CosmosCorePlugsGCImplementionImplAllocNewObjectSystemUInt32', ID = '65'
Method 'SystemVoidSystemNotImplementedExceptionctorSystemString', ID = '67'
Method 'SystemVoidSystemOverflowExceptionctorSystemString', ID = '68'
Method 'SystemStringSystemThrowHelperGetResourceNameSystemExceptionResource', ID = '73'
Method 'SystemVoidSystemInvalidOperationExceptionctorSystemString', ID = '75'
Method 'SystemDelegatearraySystemDelegateGetInvocationList', ID = '78'
Method 'SystemInt32SystemIntPtrop_ExplicitSystemIntPtr', ID = '81'
Method 'SystemVoidCosmosSystemKernelctor', ID = '83'
Method 'SystemVoidCosmosSystemGlobalcctor', ID = '85'
Method 'SystemVoidCosmosIL2CPUPlugsSystemExceptionImplCtorSystemString', ID = '88'
Method 'SystemVoidCosmosCoreBootstrapInit', ID = '90'
Method 'SystemVoidCosmosSystemConsolectorCosmosHALTextScreenBase', ID = '92'
Method 'SystemVoidCosmosHALGlobalInitCosmosHALTextScreenBase', ID = '94'
Method 'SystemVoidCosmosSystemGlobalset_NumLockSystemBoolean', ID = '95'
Method 'SystemVoidCosmosSystemGlobalset_CapsLockSystemBoolean', ID = '96'
Method 'SystemVoidCosmosSystemGlobalset_ScrollLockSystemBoolean', ID = '97'
Method 'SystemVoidCosmosHALKeyboardBasector', ID = '102'
Method 'SystemBooleanCosmosSystemKeyboardManagerKeyboardExistsSystemType', ID = '106'
Method 'SystemVoidCosmosSystemKeyboardManagerHandleScanCodeSystemByteSystemBoolean', ID = '107'
Method 'SystemVoidCosmosCorePlugsSystemDelegateImplCtorSystemObjectSystemIntPtr', ID = '202'
Method 'SystemVoidSystemCollectionsGenericList1CosmosHALKeyboardBaseAddCosmosHALKeyboardBase', ID = '110'
Method 'SystemVoidESOS_coreKernelBeforeRun', ID = '111'
Method 'SystemVoidCosmosCoreCPUEnableInterrupts', ID = '113'
Method 'SystemVoidESOS_coreKernelRun', ID = '114'
Method 'SystemVoidCosmosSystemPlugsSystemConsoleImplWriteLineSystemString', ID = '116'
Method 'SystemStringSystemBooleanToString', ID = '121'
Method 'SystemStringCosmosIL2CPUPlugsSystemObjectImplToString', ID = '124'
Method 'SystemVoidCosmosIL2CPURuntimeEnginecctor', ID = '125'
Method 'SystemVoidCosmosIL2CPUVTablesImplcctor', ID = '126'
Method 'SystemVoidSystemBooleancctor', ID = '127'
Method 'SystemVoidCosmosCommonKernelPanicTypescctor', ID = '128'
Method 'SystemVoidCosmosDebugKernelPlugsDebuggerDoSendSystemString', ID = '130'
Method 'SystemVoidCosmosDebugKernelPlugsDebuggerDoSendNumberSystemUInt32', ID = '131'
Method 'SystemVoidCosmosCoreMemoryOldGlobalSystemInfoEnsureInitialized', ID = '133'
Method 'SystemUInt32CosmosCoreMemoryOldHeapMemAllocSystemUInt32', ID = '134'
Method 'SystemVoidSystemSystemExceptionctorSystemString', ID = '136'
Method 'SystemVoidSystemExceptionSetErrorCodeSystemInt32', ID = '137'
Method 'SystemVoidSystemArithmeticExceptionctorSystemString', ID = '139'
Method 'SystemVoidCosmosIL2CPUPlugsSystemObjectImplCtor', ID = '140'
Method 'SystemStringCosmosIL2CPUPlugsSystemEnvironmentImplGetResourceStringSystemString', ID = '143'
Method 'SystemVoidCosmosDebugKernelDebuggerctorSystemStringSystemString', ID = '146'
Method 'SystemVoidSystemExceptioncctor', ID = '148'
Method 'SystemVoidCosmosCoreINTsDummy', ID = '152'
Method 'SystemVoidCosmosCorePICctor', ID = '153'
Method 'SystemVoidCosmosHALTextScreenctor', ID = '161'
Method 'SystemVoidCosmosCoreGlobalInit', ID = '164'
Method 'SystemVoidCosmosHALGlobalInitStaticDevices', ID = '165'
Method 'SystemVoidCosmosHALGlobalInitPciDevices', ID = '166'
Method 'SystemVoidCosmosHALGlobalInitAtaCosmosHALBlockDeviceAtaControllerIdEnumCosmosHALBlockDeviceAtaBusPositionEnum', ID = '167'
Method 'SystemVoidCosmosSystemKeyboardManagerset_NumLockSystemBoolean', ID = '168'
Method 'SystemVoidCosmosSystemKeyboardManagerset_CapsLockSystemBoolean', ID = '169'
Method 'SystemVoidCosmosSystemKeyboardManagerset_ScrollLockSystemBoolean', ID = '170'
Method 'SystemVoidCosmosCoreGlobalcctor', ID = '171'
Method 'SystemVoidCosmosCoreBaseIOGroupscctor', ID = '172'
Method 'SystemVoidCosmosHALDevicector', ID = '173'
Method 'SystemVoidCosmosSystemKeyboardManagercctor', ID = '176'
Method 'SystemTypeCosmosIL2CPUPlugsSystemObjectImplGetType', ID = '178'
Method 'SystemCollectionsGenericList1EnumeratorCosmosHALKeyboardBaseSystemCollectionsGenericList1CosmosHALKeyboardBaseGetEnumerator', ID = '179'
Method 'CosmosHALKeyboardBaseSystemCollectionsGenericList1EnumeratorCosmosHALKeyboardBaseget_Current', ID = '180'
Method 'SystemBooleanSystemCollectionsGenericList1EnumeratorCosmosHALKeyboardBaseMoveNext', ID = '182'
Method 'SystemBooleanCosmosSystemScanMapBaseScanCodeMatchesKeySystemByteCosmosSystemConsoleKeyEx', ID = '187'
Method 'SystemBooleanCosmosSystemKeyboardManagerget_CapsLock', ID = '188'
Method 'SystemVoidCosmosSystemKeyboardManagerUpdateLeds', ID = '189'
Method 'SystemBooleanCosmosSystemKeyboardManagerget_NumLock', ID = '190'
Method 'SystemBooleanCosmosSystemKeyboardManagerget_ScrollLock', ID = '191'
Method 'SystemVoidCosmosSystemKeyboardManagerset_ControlPressedSystemBoolean', ID = '192'
Method 'SystemVoidCosmosSystemKeyboardManagerset_ShiftPressedSystemBoolean', ID = '193'
Method 'SystemVoidCosmosSystemKeyboardManagerset_AltPressedSystemBoolean', ID = '194'
Method 'SystemBooleanCosmosSystemKeyboardManagerget_ControlPressed', ID = '195'
Method 'SystemBooleanCosmosSystemKeyboardManagerget_AltPressed', ID = '196'
Method 'SystemVoidCosmosSystemConsoleWriteLineSystemString', ID = '197'
Method 'SystemVoidCosmosSystemPowerReboot', ID = '198'
Method 'SystemBooleanCosmosSystemKeyboardManagerGetKeySystemByteCosmosSystemKeyEvent', ID = '199'
Method 'SystemVoidCosmosSystemKeyboardManagerEnqueueCosmosSystemKeyEvent', ID = '200'
Method 'SystemVoidSystemCollectionsGenericList1CosmosHALKeyboardBaseEnsureCapacitySystemInt32', ID = '204'
Method 'SystemVoidESOS_corecoreboot', ID = '206'
Method 'SystemVoidCosmosHALGlobalcctor', ID = '207'
Method 'SystemVoidSystemConsolecctor', ID = '213'
Method 'CosmosSystemConsoleCosmosSystemPlugsSystemConsoleImplGetConsole', ID = '215'
Method 'SystemVoidCosmosSystemConsoleWriteSystemString', ID = '216'
Method 'SystemVoidCosmosSystemConsoleNewLine', ID = '217'
Method 'SystemStringCosmosSystemPlugsSystemValueTypeImplToString', ID = '218'
Method 'SystemStringCosmosCorePlugsSystemStringImplToString', ID = '219'
Method 'SystemStringCosmosSystemPlugsSystemInt32ImplToString', ID = '220'
Method 'SystemStringCosmosSystemPlugsSystemUInt32ImplToString', ID = '221'
Method 'SystemStringCosmosSystemPlugsSystemEnumImplToString', ID = '222'
Method 'SystemStringCosmosIL2CPUPlugsSystemExceptionImplToString', ID = '223'
Method 'SystemUInt32CosmosCoreMemoryOldGlobalSystemInfoget_TotalDataLookupTableSize', ID = '233'
Method 'SystemBooleanCosmosCoreCPUDisableInterrupts', ID = '236'
Method 'SystemVoidCosmosCoreMemoryOldHeapEnsureIsInitialized', ID = '237'
Method 'CosmosCoreMemoryOldGlobalInformationTablepointerCosmosCoreMemoryOldGlobalSystemInfoget_GlobalInformationTable', ID = '239'
Method 'SystemBooleanCosmosCoreMemoryOldHeapScanDataLookupTableSystemUInt32CosmosCoreMemoryOldDataLookupTablepointerSystemUInt32SystemUInt32', ID = '240'
Method 'CosmosCoreMemoryOldDataLookupEntrypointerCosmosCoreMemoryOldDataLookupTableGetEntrySystemUInt32', ID = '243'
Method 'SystemVoidCosmosCoreMemoryOldHeapClearMemorySystemVoidpointerSystemUInt32', ID = '245'
Method 'SystemVoidSystemExceptionset_HResultSystemInt32', ID = '247'
Method 'SystemStringCosmosIL2CPUPlugsSystemEnvironmentImplGetResourceFromDefaultSystemString', ID = '251'
Method 'SystemVoidCosmosDebugKernelDebuggerset_mSectionSystemString', ID = '253'
Method 'SystemVoidCosmosCoreBootstrapcctor', ID = '255'
Method 'SystemVoidCosmosCoreINTsHandleInterrupt_DefaultCosmosCoreINTsIRQContext', ID = '258'
Method 'SystemVoidCosmosCoreINTsHandleInterrupt_00CosmosCoreINTsIRQContext', ID = '259'
Method 'SystemVoidCosmosCoreINTsHandleInterrupt_01CosmosCoreINTsIRQContext', ID = '260'
Method 'SystemVoidCosmosCoreINTsHandleInterrupt_02CosmosCoreINTsIRQContext', ID = '261'
Method 'SystemVoidCosmosCoreINTsHandleInterrupt_03CosmosCoreINTsIRQContext', ID = '262'
Method 'SystemVoidCosmosCoreINTsHandleInterrupt_04CosmosCoreINTsIRQContext', ID = '263'
Method 'SystemVoidCosmosCoreINTsHandleInterrupt_05CosmosCoreINTsIRQContext', ID = '264'
Method 'SystemVoidCosmosCoreINTsHandleInterrupt_06CosmosCoreINTsIRQContext', ID = '265'
Method 'SystemVoidCosmosCoreINTsHandleInterrupt_07CosmosCoreINTsIRQContext', ID = '266'
Method 'SystemVoidCosmosCoreINTsHandleInterrupt_08CosmosCoreINTsIRQContext', ID = '267'
Method 'SystemVoidCosmosCoreINTsHandleInterrupt_09CosmosCoreINTsIRQContext', ID = '268'
Method 'SystemVoidCosmosCoreINTsHandleInterrupt_0ACosmosCoreINTsIRQContext', ID = '269'
Method 'SystemVoidCosmosCoreINTsHandleInterrupt_0BCosmosCoreINTsIRQContext', ID = '270'
Method 'SystemVoidCosmosCoreINTsHandleInterrupt_0CCosmosCoreINTsIRQContext', ID = '271'
Method 'SystemVoidCosmosCoreINTsHandleInterrupt_0DCosmosCoreINTsIRQContext', ID = '272'
Method 'SystemVoidCosmosCoreINTsHandleInterrupt_0ECosmosCoreINTsIRQContext', ID = '273'
Method 'SystemVoidCosmosCoreINTsHandleInterrupt_0FCosmosCoreINTsIRQContext', ID = '274'
Method 'SystemVoidCosmosCoreINTsHandleInterrupt_10CosmosCoreINTsIRQContext', ID = '275'
Method 'SystemVoidCosmosCoreINTsHandleInterrupt_11CosmosCoreINTsIRQContext', ID = '276'
Method 'SystemVoidCosmosCoreINTsHandleInterrupt_12CosmosCoreINTsIRQContext', ID = '277'
Method 'SystemVoidCosmosCoreINTsHandleInterrupt_13CosmosCoreINTsIRQContext', ID = '278'
Method 'SystemVoidCosmosCoreINTsHandleInterrupt_20CosmosCoreINTsIRQContext', ID = '279'
Method 'SystemVoidCosmosCoreINTsHandleInterrupt_21CosmosCoreINTsIRQContext', ID = '280'
Method 'SystemVoidCosmosCoreINTsHandleInterrupt_22CosmosCoreINTsIRQContext', ID = '281'
Method 'SystemVoidCosmosCoreINTsHandleInterrupt_23CosmosCoreINTsIRQContext', ID = '282'
Method 'SystemVoidCosmosCoreINTsHandleInterrupt_24CosmosCoreINTsIRQContext', ID = '283'
Method 'SystemVoidCosmosCoreINTsHandleInterrupt_25CosmosCoreINTsIRQContext', ID = '284'
Method 'SystemVoidCosmosCoreINTsHandleInterrupt_26CosmosCoreINTsIRQContext', ID = '285'
Method 'SystemVoidCosmosCoreINTsHandleInterrupt_27CosmosCoreINTsIRQContext', ID = '286'
Method 'SystemVoidCosmosCoreINTsHandleInterrupt_28CosmosCoreINTsIRQContext', ID = '287'
Method 'SystemVoidCosmosCoreINTsHandleInterrupt_29CosmosCoreINTsIRQContext', ID = '288'
Method 'SystemVoidCosmosCoreINTsHandleInterrupt_2ACosmosCoreINTsIRQContext', ID = '289'
Method 'SystemVoidCosmosCoreINTsHandleInterrupt_2BCosmosCoreINTsIRQContext', ID = '290'
Method 'SystemVoidCosmosCoreINTsHandleInterrupt_2CCosmosCoreINTsIRQContext', ID = '291'
Method 'SystemVoidCosmosCoreINTsHandleInterrupt_2DCosmosCoreINTsIRQContext', ID = '292'
Method 'SystemVoidCosmosCoreINTsHandleInterrupt_2ECosmosCoreINTsIRQContext', ID = '293'
Method 'SystemVoidCosmosCoreINTsHandleInterrupt_2FCosmosCoreINTsIRQContext', ID = '294'
Method 'SystemVoidCosmosCoreINTsHandleInterrupt_30CosmosCoreINTsIRQContext', ID = '295'
Method 'SystemVoidCosmosCoreINTsHandleInterrupt_35CosmosCoreINTsIRQContext', ID = '296'
Method 'SystemVoidCosmosCoreINTsHandleInterrupt_40CosmosCoreINTsIRQContext', ID = '297'
Method 'SystemVoidCosmosCoreINTsHandleInterrupt_41CosmosCoreINTsIRQContext', ID = '298'
Method 'SystemVoidCosmosCoreINTsHandleInterrupt_42CosmosCoreINTsIRQContext', ID = '299'
Method 'SystemVoidCosmosCoreINTsHandleInterrupt_43CosmosCoreINTsIRQContext', ID = '300'
Method 'SystemVoidCosmosCoreINTsHandleInterrupt_44CosmosCoreINTsIRQContext', ID = '301'
Method 'SystemVoidCosmosCoreINTsHandleInterrupt_45CosmosCoreINTsIRQContext', ID = '302'
Method 'SystemVoidCosmosCoreINTsHandleInterrupt_46CosmosCoreINTsIRQContext', ID = '303'
Method 'SystemVoidCosmosCoreINTsHandleInterrupt_47CosmosCoreINTsIRQContext', ID = '304'
Method 'SystemVoidCosmosCoreINTsHandleInterrupt_48CosmosCoreINTsIRQContext', ID = '305'
Method 'SystemVoidCosmosCoreINTsHandleInterrupt_49CosmosCoreINTsIRQContext', ID = '306'
Method 'SystemVoidCosmosCoreIOGroupPICctorSystemBoolean', ID = '308'
Method 'SystemVoidCosmosCorePICRemapSystemByteSystemByteSystemByteSystemByte', ID = '309'
Method 'SystemVoidCosmosCorePlugsCPUImplUpdateIDTSystemBoolean', ID = '310'
Method 'SystemVoidCosmosCorePlugsCPUImplInitSSE', ID = '311'
Method 'SystemVoidCosmosCorePlugsCPUImplInitFloat', ID = '312'
Method 'SystemVoidCosmosCoreIOGroupTextScreenctor', ID = '314'
Method 'SystemVoidCosmosHALTextScreenBasector', ID = '315'
Method 'SystemVoidCosmosHALPCISetup', ID = '324'
Method 'SystemVoidCosmosHALBlockDeviceAtaPioctorCosmosCoreIOGroupATACosmosHALBlockDeviceAtaControllerIdEnumCosmosHALBlockDeviceAtaBusPositionEnum', ID = '327'
Method 'CosmosHALBlockDeviceAtaPioSpecLevelCosmosHALBlockDeviceAtaPioget_DriveType', ID = '328'
Method 'SystemVoidSystemCollectionsGenericList1CosmosHALBlockDeviceBlockDeviceAddCosmosHALBlockDeviceBlockDevice', ID = '331'
Method 'SystemVoidCosmosHALBlockDeviceMBRctorSystemBytearray', ID = '335'
Method 'SystemVoidCosmosHALBlockDeviceEBRctorSystemBytearray', ID = '337'
Method 'SystemInt32SystemCollectionsGenericList1CosmosHALBlockDeviceEBRPartInfoget_Count', ID = '339'
Method 'SystemInt32SystemCollectionsGenericList1CosmosHALBlockDeviceMBRPartInfoget_Count', ID = '340'
Method 'SystemVoidCosmosDebugKernelDebuggerSendNumberSystemInt32', ID = '341'
Method 'CosmosHALBlockDeviceMBRPartInfoSystemCollectionsGenericList1CosmosHALBlockDeviceMBRPartInfoget_ItemSystemInt32', ID = '342'
Method 'SystemStringSystemStringConcatSystemObjectSystemObject', ID = '343'
Method 'SystemVoidCosmosHALBlockDevicePartitionctorCosmosHALBlockDeviceBlockDeviceSystemUInt64SystemUInt64', ID = '345'
Method 'SystemVoidCosmosCoreBaseIOGroupsctor', ID = '349'
Method 'SystemVoidCosmosCoreIOGroupMousector', ID = '351'
Method 'SystemVoidCosmosCoreIOGroupPCSpeakerctor', ID = '353'
Method 'SystemVoidCosmosHALPS2KeyboardInitialize', ID = '355'
Method 'SystemVoidCosmosHALPS2KeyboardUpdateLeds', ID = '356'
Method 'SystemVoidSystemCollectionsGenericList1CosmosHALKeyboardBasector', ID = '357'
Method 'SystemVoidCosmosSystemScanMapsUS_Standardctor', ID = '358'
Method 'SystemVoidSystemCollectionsGenericQueue1CosmosSystemKeyEventctor', ID = '359'
Method 'SystemVoidSystemCollectionsGenericList1EnumeratorCosmosHALKeyboardBasectorSystemCollectionsGenericList1CosmosHALKeyboardBase', ID = '364'
Method 'SystemBooleanCosmosSystemPlugsSystemTypeImplop_EqualitySystemUInt32SystemUInt32', ID = '365'
Method 'SystemBooleanSystemCollectionsGenericList1EnumeratorCosmosHALKeyboardBaseMoveNextRare', ID = '366'
Method 'SystemVoidSystemCollectionsGenericList1EnumeratorCosmosHALKeyboardBaseDispose', ID = '368'
Method 'CosmosSystemKeyMappingSystemCollectionsGenericList1CosmosSystemKeyMappingget_ItemSystemInt32', ID = '372'
Method 'SystemInt32SystemCollectionsGenericList1CosmosSystemKeyMappingget_Count', ID = '374'
Method 'SystemVoidCosmosHALPowerReboot', ID = '379'
Method 'SystemBooleanCosmosSystemKeyboardManagerget_ShiftPressed', ID = '381'
Method 'CosmosSystemKeyEventCosmosSystemScanMapBaseConvertScanCodeSystemByteSystemBooleanSystemBooleanSystemBooleanSystemBooleanSystemBooleanSystemBoolean', ID = '382'
Method 'SystemVoidSystemCollectionsGenericQueue1CosmosSystemKeyEventEnqueueCosmosSystemKeyEvent', ID = '384'
Method 'SystemVoidSystemCollectionsGenericList1CosmosHALKeyboardBasecctor', ID = '386'
Method 'SystemVoidSystemCollectionsGenericList1CosmosHALKeyboardBaseset_CapacitySystemInt32', ID = '387'
Method 'SystemVoidCosmosSystemPlugsSystemConsoleImplClear', ID = '388'
Method 'SystemStringSystemStringConcatSystemStringSystemString', ID = '391'
Method 'SystemStringSystemStringConcatSystemStringSystemStringSystemString', ID = '393'
Method 'SystemVoidCosmosCorePlugsCPUImplDoEnableInterrupts', ID = '395'
Method 'SystemVoidCosmosSystemPlugsSystemConsoleImplWriteSystemString', ID = '396'
Method 'SystemStringCosmosSystemPlugsSystemConsoleImplReadLine', ID = '397'
Method 'SystemVoidSystemTextUnicodeEncodingctorSystemBooleanSystemBoolean', ID = '398'
Method 'SystemVoidCosmosSystemPlugsSystemConsoleImplcctor', ID = '407'
Method 'SystemVoidCosmosSystemConsoleWriteCharSystemChar', ID = '410'
Method 'SystemVoidCosmosSystemConsoleUpdateCursor', ID = '413'
Method 'SystemStringCosmosCommonStringHelperGetNumberStringSystemInt32', ID = '418'
Method 'SystemStringCosmosCommonStringHelperGetNumberStringSystemUInt32', ID = '421'
Method 'SystemUInt32CosmosCorePlugsCPUImplGetEndOfKernel', ID = '424'
Method 'SystemVoidCosmosCorePlugsCPUImplZeroFillSystemUInt32SystemUInt32', ID = '425'
Method 'SystemVoidCosmosCoreMemoryOldHeapcctor', ID = '426'
Method 'SystemVoidCosmosCoreMemoryOldHeapDoInitializeSystemUInt32', ID = '430'
Method 'SystemVoidCosmosSystemPlugsSystemEnumImplCctor', ID = '435'
Method 'SystemBooleanSystemStringop_EqualitySystemStringSystemString', ID = '436'
Method 'SystemStringCosmosSystemPlugsSystemIntPtrImplToString', ID = '437'
Method 'SystemVoidCosmosCoreCPUctor', ID = '438'
Method 'SystemVoidCosmosCoreINTscctor', ID = '439'
Method 'CosmosCorePICCosmosCoreGlobalget_PIC', ID = '441'
Method 'SystemVoidCosmosCorePICEoiSlave', ID = '442'
Method 'SystemVoidCosmosCorePICEoiMaster', ID = '443'
Method 'SystemVoidCosmosCoreINTsHandleExceptionSystemUInt32SystemStringSystemStringCosmosCoreINTsIRQContextSystemUInt32', ID = '444'
Method 'SystemVoidCosmosCorePlugsSystemDelegateImplInvoke', ID = '568'
Method 'SystemVoidCosmosCoreINTsIRQSystemUInt32CosmosCoreINTsIRQContext', ID = '448'
Method 'SystemVoidCosmosCoreIOPortctorSystemUInt16', ID = '451'
Method 'SystemVoidCosmosCoreIOGroupIOGroupctor', ID = '452'
Method 'SystemByteCosmosCoreIOPortget_Byte', ID = '453'
Method 'SystemVoidCosmosCoreIOPortset_ByteSystemByte', ID = '454'
Method 'SystemVoidCosmosCoreIOPortWait', ID = '455'
Method 'SystemVoidCosmosCoreMemoryBlockctorSystemUInt32SystemUInt32', ID = '457'
Method 'SystemVoidCosmosHALTextScreenSetColorsSystemConsoleColorSystemConsoleColor', ID = '460'
Method 'SystemUInt16CosmosHALTextScreenget_Cols', ID = '462'
Method 'SystemUInt16CosmosHALTextScreenget_Rows', ID = '463'
Method 'SystemVoidCosmosHALTextScreenSetCursorSizeSystemInt32', ID = '464'
Method 'SystemVoidCosmosHALTextScreenSetCursorVisibleSystemBoolean', ID = '465'
Method 'SystemVoidCosmosSystemPlugsSystemConsoleImplWriteLine', ID = '466'
Method 'SystemVoidCosmosHALPCIEnumerateDevices', ID = '468'
Method 'SystemVoidCosmosHALBlockDeviceAtactor', ID = '471'
Method 'SystemVoidCosmosCoreIOPortWriteset_ByteSystemByte', ID = '472'
Method 'CosmosHALBlockDeviceAtaPioSpecLevelCosmosHALBlockDeviceAtaPioDiscoverDrive', ID = '473'
Method 'SystemVoidCosmosHALBlockDeviceAtaPioInitDrive', ID = '474'
Method 'SystemVoidCosmosHALBlockDeviceBlockDevicecctor', ID = '476'
Method 'SystemVoidSystemCollectionsGenericList1CosmosHALBlockDeviceBlockDeviceEnsureCapacitySystemInt32', ID = '478'
Method 'SystemVoidCosmosHALBlockDeviceAtacctor', ID = '479'
Method 'SystemStringCosmosHALBlockDeviceAtaToString', ID = '480'
Method 'SystemVoidCosmosHALBlockDeviceAtaPioReadBlockSystemUInt64SystemUInt64SystemBytearray', ID = '483'
Method 'SystemVoidSystemCollectionsGenericList1CosmosHALBlockDeviceMBRPartInfoctor', ID = '484'
Method 'SystemVoidCosmosHALBlockDeviceMBRParsePartitionSystemBytearraySystemUInt32', ID = '485'
Method 'SystemVoidSystemCollectionsGenericList1CosmosHALBlockDeviceEBRPartInfoctor', ID = '486'
Method 'SystemVoidCosmosHALBlockDeviceEBRParsePartitionSystemBytearraySystemUInt32', ID = '487'
Method 'SystemVoidSystemThrowHelperThrowArgumentOutOfRangeException', ID = '491'
Method 'SystemVoidCosmosHALBlockDeviceBlockDevicector', ID = '493'
Method 'SystemUInt64CosmosHALBlockDeviceBlockDeviceget_BlockSize', ID = '494'
Method 'SystemVoidCosmosCoreIOGroupKeyboardctor', ID = '495'
Method 'SystemVoidCosmosCoreIOGroupPITctor', ID = '496'
Method 'SystemVoidCosmosCoreIOGroupATActorSystemBoolean', ID = '497'
Method 'SystemVoidCosmosCoreIOGroupRTCctor', ID = '498'
Method 'SystemVoidCosmosCoreIOGroupVBEctor', ID = '499'
Method 'SystemVoidCosmosHALPS2KeyboardHandleIRQCosmosCoreINTsIRQContext', ID = '502'
Method 'SystemVoidCosmosCorePlugsSystemDelegateImplCtorSystemObjectSystemIntPtr', ID = '202'
Method 'SystemVoidCosmosCoreINTsSetIrqHandlerSystemByteCosmosCoreINTsIRQDelegate', ID = '504'
Method 'SystemVoidCosmosSystemScanMapBasector', ID = '507'
Method 'SystemVoidCosmosSystemPlugsSystemTypeImplCCtor', ID = '510'
Method 'SystemStringCosmosSystemPlugsSystemTypeImplToString', ID = '511'
Method 'SystemStringCosmosSystemPlugsSystemByteImplToString', ID = '513'
Method 'CosmosCoreCPUCosmosCoreGlobalget_CPU', ID = '516'
Method 'SystemVoidCosmosCoreCPUReboot', ID = '517'
Method 'SystemVoidCosmosSystemKeyEventctor', ID = '518'
Method 'SystemConsoleModifiersCosmosSystemKeyEventget_Modifiers', ID = '519'
Method 'SystemVoidCosmosSystemKeyEventset_ModifiersSystemConsoleModifiers', ID = '520'
Method 'SystemVoidCosmosSystemKeyEventset_TypeCosmosSystemKeyEventKeyEventType', ID = '521'
Method 'SystemVoidCosmosSystemKeyEventset_KeyCharSystemChar', ID = '522'
Method 'SystemVoidCosmosSystemKeyEventset_KeyCosmosSystemConsoleKeyEx', ID = '523'
Method 'SystemVoidSystemCollectionsGenericQueue1CosmosSystemKeyEventSetCapacitySystemInt32', ID = '524'
Method 'SystemVoidSystemThrowHelperThrowArgumentOutOfRangeExceptionSystemExceptionArgumentSystemExceptionResource', ID = '525'
Method 'SystemVoidSystemArrayCopySystemArraySystemInt32SystemArraySystemInt32SystemInt32', ID = '526'
Method 'SystemVoidCosmosSystemConsoleClear', ID = '527'
Method 'SystemVoidESOS_corecorecctor', ID = '528'
Method 'SystemBooleanSystemStringIsNullOrEmptySystemString', ID = '529'
Method 'SystemVoidSystemStringFillStringCheckedSystemStringSystemInt32SystemString', ID = '531'
Method 'SystemVoidSystemCollectionsGenericList1SystemCharctorSystemInt32', ID = '532'
Method 'CosmosSystemConsoleKeyExCosmosSystemKeyEventget_Key', ID = '533'
Method 'SystemInt32CosmosSystemConsoleget_X', ID = '534'
Method 'SystemVoidSystemCollectionsGenericList1SystemCharRemoveAtSystemInt32', ID = '535'
Method 'SystemVoidCosmosSystemConsoleset_XSystemInt32', ID = '536'
Method 'SystemCharSystemCollectionsGenericList1SystemCharget_ItemSystemInt32', ID = '537'
Method 'SystemVoidCosmosSystemPlugsSystemConsoleImplWriteSystemChar', ID = '538'
Method 'SystemInt32SystemCollectionsGenericList1SystemCharget_Count', ID = '539'
Method 'SystemCharCosmosSystemKeyEventget_KeyChar', ID = '540'
Method 'SystemVoidSystemCollectionsGenericList1SystemCharAddSystemChar', ID = '541'
Method 'SystemVoidSystemCollectionsGenericList1SystemCharctor', ID = '542'
Method 'CosmosSystemKeyEventCosmosSystemKeyboardManagerReadKey', ID = '543'
Method 'SystemChararraySystemCollectionsGenericList1SystemCharToArray', ID = '544'
Method 'SystemVoidSystemTextUnicodeEncodingctorSystemBooleanSystemBooleanSystemBoolean', ID = '547'
Method 'SystemCharCosmosCorePlugsSystemStringImplget_CharsSystemInt32SystemCharpointer', ID = '551'
Method 'SystemInt32CosmosCorePlugsSystemStringImplget_LengthSystemInt32', ID = '553'
Method 'SystemVoidCosmosHALTextScreenScrollUp', ID = '554'
Method 'SystemVoidCosmosCorePlugsSystemStringImplcctor', ID = '556'
Method 'SystemStringCosmosIL2CPUPlugsSystemExceptionImplget_Message', ID = '558'
Method 'SystemVoidCosmosCorePlugsCPUImplDoDisableInterrupts', ID = '559'
Method 'SystemUInt32CosmosCorePlugsCPUImplGetAmountOfRAM', ID = '560'
Method 'SystemBooleanSystemStringEqualsSystemStringSystemString', ID = '562'
Method 'SystemVoidCosmosCoreINTsPutErrorCharSystemInt32SystemInt32SystemChar', ID = '566'
Method 'SystemVoidCosmosCoreINTsPutErrorStringSystemInt32SystemInt32SystemString', ID = '567'
Method 'SystemVoidCosmosCoreIOPortBasectorSystemUInt16', ID = '570'
Method 'SystemVoidCosmosCoreMemoryBlock08ctorSystemUInt32SystemUInt32', ID = '574'
Method 'SystemVoidCosmosCoreMemoryBlock16ctorSystemUInt32SystemUInt32', ID = '575'
Method 'SystemVoidCosmosCoreMemoryBlock32ctorSystemUInt32SystemUInt32', ID = '576'
Method 'SystemVoidCosmosHALPCIcctor', ID = '578'
Method 'SystemVoidSystemCollectionsGenericList1CosmosHALPCIDevicector', ID = '579'
Method 'SystemVoidCosmosHALBlockDeviceAtaPiocctor', ID = '581'
Method 'SystemStringCosmosHALBlockDeviceAtaPioToString', ID = '582'
Method 'SystemVoidCosmosHALBlockDeviceAtaPioSelectDriveSystemByte', ID = '584'
Method 'CosmosHALBlockDeviceAtaPioStatusCosmosHALBlockDeviceAtaPioSendCmdCosmosHALBlockDeviceAtaPioCmdSystemBoolean', ID = '585'
Method 'CosmosHALBlockDeviceAtaPioStatusCosmosHALBlockDeviceAtaPioSendCmdCosmosHALBlockDeviceAtaPioCmd', ID = '586'
Method 'SystemVoidCosmosCoreIOPortBaseRead16SystemUInt16array', ID = '587'
Method 'SystemStringCosmosHALBlockDeviceAtaPioGetStringSystemUInt16arraySystemInt32SystemInt32', ID = '588'
Method 'SystemVoidSystemCollectionsGenericList1CosmosHALBlockDeviceBlockDevicector', ID = '589'
Method 'SystemVoidSystemCollectionsGenericList1CosmosHALBlockDeviceBlockDevicecctor', ID = '590'
Method 'SystemVoidSystemCollectionsGenericList1CosmosHALBlockDeviceBlockDeviceset_CapacitySystemInt32', ID = '591'
Method 'SystemVoidCosmosHALBlockDeviceBlockDeviceCheckDataSizeSystemBytearraySystemUInt64', ID = '593'
Method 'SystemVoidCosmosHALBlockDeviceAtaPioSelectSectorSystemUInt64SystemUInt64', ID = '594'
Method 'SystemVoidCosmosCoreIOPortBaseRead8SystemBytearray', ID = '595'
Method 'SystemUInt32CosmosCommonExtensionsByteConverterToUInt32SystemBytearraySystemUInt64', ID = '597'
Method 'SystemVoidCosmosHALBlockDeviceMBRPartInfoctorSystemByteSystemUInt32SystemUInt32', ID = '598'
Method 'SystemVoidSystemCollectionsGenericList1CosmosHALBlockDeviceMBRPartInfoAddCosmosHALBlockDeviceMBRPartInfo', ID = '599'
Method 'SystemVoidCosmosHALBlockDeviceEBRPartInfoctorSystemByteSystemUInt32SystemUInt32', ID = '601'
Method 'SystemVoidSystemCollectionsGenericList1CosmosHALBlockDeviceEBRPartInfoAddCosmosHALBlockDeviceEBRPartInfo', ID = '602'
Method 'SystemVoidSystemCollectionsGenericList1CosmosHALBlockDeviceEBRPartInfocctor', ID = '603'
Method 'SystemVoidSystemCollectionsGenericList1CosmosHALBlockDeviceMBRPartInfocctor', ID = '604'
Method 'SystemVoidCosmosDebugKernelPlugsDebuggerDoSendNumberSystemInt32', ID = '605'
Method 'SystemStringCosmosHALBlockDevicePartitionToString', ID = '606'
Method 'SystemVoidCosmosHALBlockDevicePartitionReadBlockSystemUInt64SystemUInt64SystemBytearray', ID = '607'
Method 'SystemVoidCosmosCoreIOPortWritectorSystemUInt16', ID = '610'
Method 'SystemUInt16CosmosCoreIOGroupATAGetBAR0SystemBoolean', ID = '611'
Method 'SystemUInt16CosmosCoreIOGroupATAGetBAR1SystemBoolean', ID = '612'
Method 'SystemVoidCosmosCoreIOPortWritectorSystemUInt16SystemUInt16', ID = '613'
Method 'SystemVoidCosmosCoreIOPortctorSystemUInt16SystemUInt16', ID = '614'
Method 'SystemVoidCosmosCoreIOPortReadctorSystemUInt16SystemUInt16', ID = '615'
Method 'SystemVoidCosmosCorePlugsSystemDelegateImplInvoke', ID = '568'
Method 'SystemVoidCosmosCoreINTsSetIntHandlerSystemByteCosmosCoreINTsIRQDelegate', ID = '619'
Method 'SystemVoidSystemCollectionsGenericQueue1CosmosSystemKeyEventcctor', ID = '621'
Method 'SystemVoidSystemCollectionsGenericList1CosmosSystemKeyMappingcctor', ID = '624'
Method 'SystemBooleanSystemCompatibilitySwitchesget_IsAppEarlierThanWindowsPhone8', ID = '629'
Method 'SystemStringSystemThrowHelperGetArgumentNameSystemExceptionArgument', ID = '630'
Method 'SystemVoidSystemArgumentOutOfRangeExceptionctorSystemStringSystemString', ID = '631'
Method 'SystemStringCosmosCorePlugsSystemStringImplFastAllocateStringSystemInt32', ID = '635'
Method 'SystemVoidSystemIndexOutOfRangeExceptionctor', ID = '636'
Method 'SystemVoidSystemStringwstrcpySystemCharpointerSystemCharpointerSystemInt32', ID = '637'
Method 'SystemVoidSystemCollectionsGenericList1SystemCharEnsureCapacitySystemInt32', ID = '640'
Method 'SystemVoidCosmosHALKeyboardBaseWaitForKey', ID = '641'
Method 'SystemInt32SystemCollectionsGenericQueue1CosmosSystemKeyEventget_Count', ID = '642'
Method 'CosmosSystemKeyEventSystemCollectionsGenericQueue1CosmosSystemKeyEventDequeue', ID = '643'
Method 'SystemVoidCosmosCorePlugsSystemStringImplCtorSystemChararraySystemStringSystemInt32SystemCharpointer', ID = '645'
Method 'SystemVoidSystemTextEncodingctorSystemInt32', ID = '647'
Method 'SystemVoidSystemTextEncodingSetDefaultFallbacks', ID = '648'
Method 'SystemVoidCosmosHALTextScreenset_ItemSystemInt32SystemInt32SystemChar', ID = '653'
Method 'SystemVoidCosmosCoreMemoryBlockMoveDownSystemUInt32SystemUInt32SystemUInt32', ID = '654'
Method 'SystemVoidCosmosCoreMemoryBlockFillSystemUInt32SystemUInt32SystemUInt16', ID = '655'
Method 'SystemVoidCosmosHALTextScreenSetCursorPosSystemInt32SystemInt32', ID = '656'
Method 'SystemVoidCosmosCommonStringHelpercctor', ID = '658'
Method 'SystemByteCosmosCorePlugsIOPortImplRead8SystemUInt16', ID = '660'
Method 'SystemVoidCosmosCorePlugsIOPortImplWrite8SystemUInt16SystemByte', ID = '661'
Method 'SystemStringCosmosSystemPlugsSystemUInt16ImplToString', ID = '665'
Method 'SystemVoidCosmosHALBlockDeviceAtaPioWait', ID = '670'
Method 'SystemByteCosmosCoreIOPortReadget_Byte', ID = '673'
Method 'SystemVoidCosmosHALBlockDeviceAtaPioDebugSystemString', ID = '674'
Method 'SystemVoidCosmosHALBlockDeviceAtaPioDebugHexSystemStringSystemUInt32', ID = '675'
Method 'SystemStringCosmosSystemPlugsSystemUInt64ImplToString', ID = '679'
Method 'SystemVoidCosmosHALBlockDeviceBlockDeviceCheckBlockNoSystemUInt64SystemUInt64', ID = '680'
Method 'SystemVoidCosmosCoreIOPortWriteset_WordSystemUInt16', ID = '681'
Method 'SystemVoidSystemCollectionsGenericList1CosmosHALBlockDeviceMBRPartInfoEnsureCapacitySystemInt32', ID = '683'
Method 'SystemVoidSystemCollectionsGenericList1CosmosHALBlockDeviceEBRPartInfoEnsureCapacitySystemInt32', ID = '685'
Method 'SystemVoidCosmosCoreIOPortBasectorSystemUInt16SystemUInt16', ID = '686'
Method 'SystemVoidCosmosSystemScanMapsUS_StandardInitKeys', ID = '688'
Method 'SystemVoidCosmosCorePlugsCPUImplHalt', ID = '690'
Method 'SystemVoidSystemArgumentExceptionctorSystemStringSystemString', ID = '693'
Method 'SystemVoidCosmosCorePlugsSystemArrayImplCopySystemArraySystemInt32SystemArraySystemInt32SystemInt32SystemBoolean', ID = '694'
Method 'SystemVoidCosmosHALTextScreenClear', ID = '695'
Method 'SystemVoidSystemBufferMemcpySystemBytepointerSystemBytepointerSystemInt32', ID = '697'
Method 'SystemVoidSystemCollectionsGenericList1SystemCharcctor', ID = '698'
Method 'SystemVoidSystemCollectionsGenericList1SystemCharset_CapacitySystemInt32', ID = '699'
Method 'SystemVoidSystemArgumentOutOfRangeExceptionctorSystemString', ID = '701'
Method 'SystemVoidSystemTextUnicodeEncodingSetDefaultFallbacks', ID = '702'
Method 'SystemVoidSystemTextInternalEncoderBestFitFallbackctorSystemTextEncoding', ID = '703'
Method 'SystemVoidSystemTextInternalDecoderBestFitFallbackctorSystemTextEncoding', ID = '704'
Method 'SystemVoidCosmosSystemPlugsSystemCharImplCctor', ID = '705'
Method 'SystemStringCosmosSystemPlugsSystemCharImplToString', ID = '706'
Method 'SystemVoidCosmosCoreMemoryBlock08set_ItemSystemUInt32SystemByte', ID = '707'
Method 'SystemBooleanCosmosCorePlugsSystemStringImplEqualsHelperSystemStringSystemString', ID = '709'
Method 'SystemVoidSystemCollectionsGenericList1CosmosHALPCIDevicecctor', ID = '713'
Method 'SystemVoidCosmosDebugKernelDebuggerSendNumberSystemUInt32', ID = '714'
Method 'SystemUInt16CosmosCorePlugsIOPortImplRead16SystemUInt16', ID = '715'
Method 'SystemStringCosmosCommonStringHelperGetNumberStringSystemUInt64', ID = '718'
Method 'SystemVoidSystemCollectionsGenericList1CosmosHALBlockDeviceMBRPartInfoset_CapacitySystemInt32', ID = '720'
Method 'SystemVoidSystemCollectionsGenericList1CosmosHALBlockDeviceEBRPartInfoset_CapacitySystemInt32', ID = '721'
Method 'SystemVoidSystemCollectionsGenericList1CosmosSystemKeyMappingctorSystemInt32', ID = '722'
Method 'SystemVoidCosmosSystemKeyMappingctorSystemByteCosmosSystemConsoleKeyEx', ID = '723'
Method 'SystemVoidSystemCollectionsGenericList1CosmosSystemKeyMappingAddCosmosSystemKeyMapping', ID = '724'
Method 'SystemVoidCosmosSystemKeyMappingctorSystemByteSystemCharSystemCharSystemCharSystemCharSystemCharSystemCharCosmosSystemConsoleKeyEx', ID = '725'
Method 'SystemVoidCosmosSystemKeyMappingctorSystemByteSystemCharCosmosSystemConsoleKeyEx', ID = '726'
Method 'SystemVoidCosmosSystemKeyMappingctorSystemByteSystemCharSystemCharSystemCharSystemCharSystemCharSystemCharCosmosSystemConsoleKeyExCosmosSystemConsoleKeyEx', ID = '727'
Method 'SystemStringSystemArgumentOutOfRangeExceptionget_Message', ID = '729'
Method 'SystemVoidCosmosCoreMemoryBlockFillSystemUInt16', ID = '731'
Method 'SystemVoidSystemBufferMemmoveSystemBytepointerSystemBytepointerSystemUInt32', ID = '734'
Method 'SystemStringSystemArgumentOutOfRangeExceptionget_RangeMessage', ID = '735'
Method 'SystemTextEncoderFallbackSystemTextEncoderFallbackget_ExceptionFallback', ID = '736'
Method 'SystemTextDecoderFallbackSystemTextDecoderFallbackget_ExceptionFallback', ID = '737'
Method 'SystemVoidSystemTextEncoderReplacementFallbackctorSystemString', ID = '738'
Method 'SystemVoidSystemTextDecoderReplacementFallbackctorSystemString', ID = '739'
Method 'SystemVoidSystemTextEncoderFallbackctor', ID = '741'
Method 'SystemVoidSystemTextDecoderFallbackctor', ID = '744'
Method 'SystemVoidCosmosCorePlugsIOPortImplWrite16SystemUInt16SystemUInt16', ID = '750'
Method 'SystemVoidSystemCollectionsGenericList1CosmosSystemKeyMappingEnsureCapacitySystemInt32', ID = '751'
Method 'SystemVoidCosmosSystemKeyMappingctorSystemByteSystemCharSystemCharSystemCharSystemCharSystemCharSystemCharSystemCharSystemCharSystemCharSystemCharCosmosSystemConsoleKeyEx', ID = '752'
Method 'SystemVoidCosmosSystemKeyMappingctorSystemByteSystemCharSystemCharSystemCharSystemCharSystemCharSystemCharSystemCharCosmosSystemConsoleKeyExCosmosSystemConsoleKeyEx', ID = '753'
Method 'SystemStringSystemArgumentExceptionget_Message', ID = '754'
Method 'SystemStringSystemEnvironmentget_NewLine', ID = '756'
Method 'SystemVoidSystemBuffer_MemmoveSystemBytepointerSystemBytepointerSystemUInt32', ID = '757'
Method 'SystemVoidSystemThreadingMonitorEnterSystemObjectSystemBoolean', ID = '761'
Method 'SystemVoidSystemTextEncoderExceptionFallbackctor', ID = '762'
Method 'SystemVoidSystemTextDecoderExceptionFallbackctor', ID = '766'
Method 'SystemVoidSystemArgumentNullExceptionctorSystemString', ID = '768'
Method 'SystemBooleanSystemCharIsSurrogateSystemStringSystemInt32', ID = '769'
Method 'SystemBooleanSystemCharIsHighSurrogateSystemStringSystemInt32', ID = '770'
Method 'SystemVoidSystemArgumentExceptionctorSystemString', ID = '771'
Method 'SystemInt32CosmosCorePlugsSystemStringImplCompareToSystemString', ID = '773'
Method 'SystemVoidSystemCollectionsGenericList1CosmosSystemKeyMappingset_CapacitySystemInt32', ID = '774'
Method 'SystemVoidCosmosSystemKeyMappingctorSystemByteSystemCharSystemCharSystemCharSystemCharSystemCharSystemCharSystemCharSystemCharSystemCharSystemCharCosmosSystemConsoleKeyExCosmosSystemConsoleKeyEx', ID = '775'
Method 'SystemStringCosmosIL2CPUPlugsSystemEnvironmentImplGetResourceStringSystemStringSystemObjectarray', ID = '776'
Method 'SystemObjectCosmosCorePlugsSystemTextEncoderFallbackImplget_InternalSyncObject', ID = '778'
Method 'SystemVoidSystemThreadingMonitorThrowLockTakenException', ID = '781'
Method 'SystemVoidCosmosSystemPlugsSystemThreadingMonitorImplExitSystemObject', ID = '784'
Method 'SystemObjectCosmosCorePlugsSystemTextDecoderFallbackImplget_InternalSyncObject', ID = '785'
Method 'SystemBooleanSystemCharIsSurrogateSystemChar', ID = '788'
Method 'SystemBooleanSystemCharIsHighSurrogateSystemChar', ID = '789'
Method 'SystemVoidCosmosCorePlugsSystemBufferImpl__MemmoveSystemBytepointerSystemBytepointerSystemUInt32', ID = '791'
Method 'SystemVoidCosmosSystemPlugsSystemThreadingMonitorImplReliableEnterSystemObjectSystemBoolean', ID = '793'
Method 'SystemStringCosmosCorePlugsSystemStringImplFormatSystemStringSystemObjectarray', ID = '796'
Method 'SystemStringCosmosCorePlugsSystemStringImplFormatHelperSystemIFormatProviderSystemStringSystemObjectarray', ID = '798'
Method 'SystemVoidSystemFormatExceptionctorSystemString', ID = '801'
Method 'SystemStringSystemStringSubstringSystemInt32SystemInt32', ID = '802'
Method 'SystemInt32CosmosCommonStringHelperGetStringToNumberSystemString', ID = '803'
Method 'SystemChararrayCosmosCorePlugsSystemStringImplToCharArray', ID = '805'
Method 'SystemStringSystemStringInternalSubStringSystemInt32SystemInt32', ID = '807'
Method 'SystemBooleanSystemStringIsNullOrWhiteSpaceSystemString', ID = '808'
Method 'SystemBooleanCosmosSystemPlugsSystemCharImplIsDigitSystemChar', ID = '809'
Method 'SystemBooleanCosmosSystemPlugsSystemCharImplIsWhiteSpaceSystemChar', ID = '811'
